This file contains any messages produced by compilers while
running configure, to aid debugging if configure makes a mistake.

configure:669:1: warning: return type defaults to 'int' [-Wimplicit-int]
  669 | main(){return(0);}
      | ^~~~
configure: In function 'main':
configure:756:67: warning: implicit declaration of function 'exit' [-Wimplicit-function-declaration]
  756 | if (XOR (islower (i), ISLOWER (i)) || toupper (i) != TOUPPER (i)) exit(2);
      |                                                                   ^~~~
configure:752:1: note: include '<stdlib.h>' or provide a declaration of 'exit'
  751 | #include <ctype.h>
  +++ |+#include <stdlib.h>
  752 | #define ISLOWER(c) ('a' <= (c) && (c) <= 'z')
configure:756:67: warning: incompatible implicit declaration of built-in function 'exit' [-Wbuiltin-declaration-mismatch]
  756 | if (XOR (islower (i), ISLOWER (i)) || toupper (i) != TOUPPER (i)) exit(2);
      |                                                                   ^~~~
configure:756:67: note: include '<stdlib.h>' or provide a declaration of 'exit'
configure:757:1: warning: incompatible implicit declaration of built-in function 'exit' [-Wbuiltin-declaration-mismatch]
  757 | exit (0); }
      | ^~~~
configure:757:1: note: include '<stdlib.h>' or provide a declaration of 'exit'
configure:824:6: warning: conflicting types for built-in function 'vprintf'; expected 'int(const char *, __va_list_tag *)' [-Wbuiltin-declaration-mismatch]
  824 | char vprintf();
      |      ^~~~~~~
configure:823:1: note: 'vprintf' is declared in header '<stdio.h>'
  822 | #include <ctype.h> /* Arbitrary system header to define __stub macros. */
  +++ |+#include <stdio.h>
  823 | /* Override any gcc2 internal prototype to avoid an error.  */
